<?xml version="1.0" encoding="UTF-8"?>
<testsuite xmlns:xsi="http://www.w3.org/2001/XMLSchema-instance" xsi:noNamespaceSchemaLocation="https://maven.apache.org/surefire/maven-surefire-plugin/xsd/surefire-test-report-3.0.xsd" version="3.0" name="TestSuite" time="114.417" tests="9" errors="0" skipped="7" failures="1">
  <properties>
    <property name="sun.desktop" value="windows"/>
    <property name="awt.toolkit" value="sun.awt.windows.WToolkit"/>
    <property name="file.encoding.pkg" value="sun.io"/>
    <property name="java.specification.version" value="1.8"/>
    <property name="sun.cpu.isalist" value="amd64"/>
    <property name="sun.jnu.encoding" value="Cp1252"/>
    <property name="java.class.path" value="F:\Code_Projects\springsecurity\SpringtekMavenTestNG\target\test-classes;F:\Code_Projects\springsecurity\SpringtekMavenTestNG\target\classes;C:\Users\Lenovo\.m2\repository\junit\junit\3.8.1\junit-3.8.1.jar;C:\Users\Lenovo\.m2\repository\io\github\bonigarcia\webdrivermanager\5.2.1\webdrivermanager-5.2.1.jar;C:\Users\Lenovo\.m2\repository\org\slf4j\slf4j-api\1.7.36\slf4j-api-1.7.36.jar;C:\Users\Lenovo\.m2\repository\com\google\code\gson\gson\2.9.0\gson-2.9.0.jar;C:\Users\Lenovo\.m2\repository\com\github\docker-java\docker-java\3.2.13\docker-java-3.2.13.jar;C:\Users\Lenovo\.m2\repository\com\github\docker-java\docker-java-core\3.2.13\docker-java-core-3.2.13.jar;C:\Users\Lenovo\.m2\repository\com\github\docker-java\docker-java-api\3.2.13\docker-java-api-3.2.13.jar;C:\Users\Lenovo\.m2\repository\com\fasterxml\jackson\core\jackson-annotations\2.10.3\jackson-annotations-2.10.3.jar;C:\Users\Lenovo\.m2\repository\com\fasterxml\jackson\core\jackson-databind\2.10.3\jackson-databind-2.10.3.jar;C:\Users\Lenovo\.m2\repository\com\fasterxml\jackson\core\jackson-core\2.10.3\jackson-core-2.10.3.jar;C:\Users\Lenovo\.m2\repository\org\bouncycastle\bcpkix-jdk15on\1.64\bcpkix-jdk15on-1.64.jar;C:\Users\Lenovo\.m2\repository\org\bouncycastle\bcprov-jdk15on\1.64\bcprov-jdk15on-1.64.jar;C:\Users\Lenovo\.m2\repository\org\slf4j\jcl-over-slf4j\1.7.30\jcl-over-slf4j-1.7.30.jar;C:\Users\Lenovo\.m2\repository\com\github\docker-java\docker-java-transport-httpclient5\3.2.13\docker-java-transport-httpclient5-3.2.13.jar;C:\Users\Lenovo\.m2\repository\com\github\docker-java\docker-java-transport\3.2.13\docker-java-transport-3.2.13.jar;C:\Users\Lenovo\.m2\repository\net\java\dev\jna\jna\5.8.0\jna-5.8.0.jar;C:\Users\Lenovo\.m2\repository\org\brotli\dec\0.1.2\dec-0.1.2.jar;C:\Users\Lenovo\.m2\repository\org\apache\commons\commons-lang3\3.12.0\commons-lang3-3.12.0.jar;C:\Users\Lenovo\.m2\repository\org\apache\httpcomponents\client5\httpclient5\5.1.3\httpclient5-5.1.3.jar;C:\Users\Lenovo\.m2\repository\org\apache\httpcomponents\core5\httpcore5\5.1.3\httpcore5-5.1.3.jar;C:\Users\Lenovo\.m2\repository\org\apache\httpcomponents\core5\httpcore5-h2\5.1.3\httpcore5-h2-5.1.3.jar;C:\Users\Lenovo\.m2\repository\org\seleniumhq\selenium\selenium-java\4.2.2\selenium-java-4.2.2.jar;C:\Users\Lenovo\.m2\repository\org\seleniumhq\selenium\selenium-api\4.2.2\selenium-api-4.2.2.jar;C:\Users\Lenovo\.m2\repository\org\seleniumhq\selenium\selenium-chrome-driver\4.2.2\selenium-chrome-driver-4.2.2.jar;C:\Users\Lenovo\.m2\repository\com\google\auto\service\auto-service-annotations\1.0.1\auto-service-annotations-1.0.1.jar;C:\Users\Lenovo\.m2\repository\com\google\auto\service\auto-service\1.0.1\auto-service-1.0.1.jar;C:\Users\Lenovo\.m2\repository\com\google\auto\auto-common\1.2\auto-common-1.2.jar;C:\Users\Lenovo\.m2\repository\com\google\guava\guava\31.1-jre\guava-31.1-jre.jar;C:\Users\Lenovo\.m2\repository\com\google\guava\failureaccess\1.0.1\failureaccess-1.0.1.jar;C:\Users\Lenovo\.m2\repository\com\google\guava\listenablefuture\9999.0-empty-to-avoid-conflict-with-guava\listenablefuture-9999.0-empty-to-avoid-conflict-with-guava.jar;C:\Users\Lenovo\.m2\repository\com\google\code\findbugs\jsr305\3.0.2\jsr305-3.0.2.jar;C:\Users\Lenovo\.m2\repository\org\checkerframework\checker-qual\3.12.0\checker-qual-3.12.0.jar;C:\Users\Lenovo\.m2\repository\com\google\errorprone\error_prone_annotations\2.11.0\error_prone_annotations-2.11.0.jar;C:\Users\Lenovo\.m2\repository\com\google\j2objc\j2objc-annotations\1.3\j2objc-annotations-1.3.jar;C:\Users\Lenovo\.m2\repository\org\seleniumhq\selenium\selenium-chromium-driver\4.2.2\selenium-chromium-driver-4.2.2.jar;C:\Users\Lenovo\.m2\repository\org\seleniumhq\selenium\selenium-json\4.2.2\selenium-json-4.2.2.jar;C:\Users\Lenovo\.m2\repository\org\seleniumhq\selenium\selenium-devtools-v100\4.2.2\selenium-devtools-v100-4.2.2.jar;C:\Users\Lenovo\.m2\repository\org\seleniumhq\selenium\selenium-devtools-v101\4.2.2\selenium-devtools-v101-4.2.2.jar;C:\Users\Lenovo\.m2\repository\org\seleniumhq\selenium\selenium-devtools-v102\4.2.2\selenium-devtools-v102-4.2.2.jar;C:\Users\Lenovo\.m2\repository\org\seleniumhq\selenium\selenium-devtools-v85\4.2.2\selenium-devtools-v85-4.2.2.jar;C:\Users\Lenovo\.m2\repository\org\seleniumhq\selenium\selenium-edge-driver\4.2.2\selenium-edge-driver-4.2.2.jar;C:\Users\Lenovo\.m2\repository\org\seleniumhq\selenium\selenium-firefox-driver\4.2.2\selenium-firefox-driver-4.2.2.jar;C:\Users\Lenovo\.m2\repository\org\seleniumhq\selenium\selenium-ie-driver\4.2.2\selenium-ie-driver-4.2.2.jar;C:\Users\Lenovo\.m2\repository\org\seleniumhq\selenium\selenium-opera-driver\4.2.2\selenium-opera-driver-4.2.2.jar;C:\Users\Lenovo\.m2\repository\org\seleniumhq\selenium\selenium-remote-driver\4.2.2\selenium-remote-driver-4.2.2.jar;C:\Users\Lenovo\.m2\repository\io\netty\netty-buffer\4.1.77.Final\netty-buffer-4.1.77.Final.jar;C:\Users\Lenovo\.m2\repository\io\netty\netty-codec-http\4.1.77.Final\netty-codec-http-4.1.77.Final.jar;C:\Users\Lenovo\.m2\repository\io\netty\netty-codec\4.1.77.Final\netty-codec-4.1.77.Final.jar;C:\Users\Lenovo\.m2\repository\io\netty\netty-handler\4.1.77.Final\netty-handler-4.1.77.Final.jar;C:\Users\Lenovo\.m2\repository\io\netty\netty-common\4.1.77.Final\netty-common-4.1.77.Final.jar;C:\Users\Lenovo\.m2\repository\io\netty\netty-transport-classes-epoll\4.1.77.Final\netty-transport-classes-epoll-4.1.77.Final.jar;C:\Users\Lenovo\.m2\repository\io\netty\netty-transport-classes-kqueue\4.1.77.Final\netty-transport-classes-kqueue-4.1.77.Final.jar;C:\Users\Lenovo\.m2\repository\io\netty\netty-transport-native-epoll\4.1.77.Final\netty-transport-native-epoll-4.1.77.Final.jar;C:\Users\Lenovo\.m2\repository\io\netty\netty-transport-native-kqueue\4.1.77.Final\netty-transport-native-kqueue-4.1.77.Final.jar;C:\Users\Lenovo\.m2\repository\io\netty\netty-transport-native-unix-common\4.1.77.Final\netty-transport-native-unix-common-4.1.77.Final.jar;C:\Users\Lenovo\.m2\repository\io\netty\netty-transport\4.1.77.Final\netty-transport-4.1.77.Final.jar;C:\Users\Lenovo\.m2\repository\io\netty\netty-resolver\4.1.77.Final\netty-resolver-4.1.77.Final.jar;C:\Users\Lenovo\.m2\repository\io\opentelemetry\opentelemetry-api\1.14.0\opentelemetry-api-1.14.0.jar;C:\Users\Lenovo\.m2\repository\io\opentelemetry\opentelemetry-context\1.14.0\opentelemetry-context-1.14.0.jar;C:\Users\Lenovo\.m2\repository\io\opentelemetry\opentelemetry-exporter-logging\1.14.0\opentelemetry-exporter-logging-1.14.0.jar;C:\Users\Lenovo\.m2\repository\io\opentelemetry\opentelemetry-sdk-metrics\1.14.0\opentelemetry-sdk-metrics-1.14.0.jar;C:\Users\Lenovo\.m2\repository\io\opentelemetry\opentelemetry-sdk-logs\1.14.0-alpha\opentelemetry-sdk-logs-1.14.0-alpha.jar;C:\Users\Lenovo\.m2\repository\io\opentelemetry\opentelemetry-sdk-common\1.14.0\opentelemetry-sdk-common-1.14.0.jar;C:\Users\Lenovo\.m2\repository\io\opentelemetry\opentelemetry-sdk-extension-autoconfigure-spi\1.14.0\opentelemetry-sdk-extension-autoconfigure-spi-1.14.0.jar;C:\Users\Lenovo\.m2\repository\io\opentelemetry\opentelemetry-sdk-extension-autoconfigure\1.14.0-alpha\opentelemetry-sdk-extension-autoconfigure-1.14.0-alpha.jar;C:\Users\Lenovo\.m2\repository\io\opentelemetry\opentelemetry-sdk-trace\1.14.0\opentelemetry-sdk-trace-1.14.0.jar;C:\Users\Lenovo\.m2\repository\io\opentelemetry\opentelemetry-sdk\1.14.0\opentelemetry-sdk-1.14.0.jar;C:\Users\Lenovo\.m2\repository\io\opentelemetry\opentelemetry-semconv\1.14.0-alpha\opentelemetry-semconv-1.14.0-alpha.jar;C:\Users\Lenovo\.m2\repository\io\ous\jtoml\2.0.0\jtoml-2.0.0.jar;C:\Users\Lenovo\.m2\repository\net\bytebuddy\byte-buddy\1.12.10\byte-buddy-1.12.10.jar;C:\Users\Lenovo\.m2\repository\org\apache\commons\commons-exec\1.3\commons-exec-1.3.jar;C:\Users\Lenovo\.m2\repository\org\asynchttpclient\async-http-client\2.12.3\async-http-client-2.12.3.jar;C:\Users\Lenovo\.m2\repository\org\asynchttpclient\async-http-client-netty-utils\2.12.3\async-http-client-netty-utils-2.12.3.jar;C:\Users\Lenovo\.m2\repository\io\netty\netty-codec-socks\4.1.60.Final\netty-codec-socks-4.1.60.Final.jar;C:\Users\Lenovo\.m2\repository\io\netty\netty-handler-proxy\4.1.60.Final\netty-handler-proxy-4.1.60.Final.jar;C:\Users\Lenovo\.m2\repository\io\netty\netty-transport-native-epoll\4.1.60.Final\netty-transport-native-epoll-4.1.60.Final-linux-x86_64.jar;C:\Users\Lenovo\.m2\repository\io\netty\netty-transport-native-kqueue\4.1.60.Final\netty-transport-native-kqueue-4.1.60.Final-osx-x86_64.jar;C:\Users\Lenovo\.m2\repository\org\reactivestreams\reactive-streams\1.0.3\reactive-streams-1.0.3.jar;C:\Users\Lenovo\.m2\repository\com\typesafe\netty\netty-reactive-streams\2.0.4\netty-reactive-streams-2.0.4.jar;C:\Users\Lenovo\.m2\repository\com\sun\activation\jakarta.activation\1.2.2\jakarta.activation-1.2.2.jar;C:\Users\Lenovo\.m2\repository\org\seleniumhq\selenium\selenium-http\4.2.2\selenium-http-4.2.2.jar;C:\Users\Lenovo\.m2\repository\dev\failsafe\failsafe\3.2.4\failsafe-3.2.4.jar;C:\Users\Lenovo\.m2\repository\org\seleniumhq\selenium\selenium-safari-driver\4.2.2\selenium-safari-driver-4.2.2.jar;C:\Users\Lenovo\.m2\repository\org\seleniumhq\selenium\selenium-support\4.2.2\selenium-support-4.2.2.jar;C:\Users\Lenovo\.m2\repository\org\testng\testng\7.4.0\testng-7.4.0.jar;C:\Users\Lenovo\.m2\repository\com\beust\jcommander\1.78\jcommander-1.78.jar;C:\Users\Lenovo\.m2\repository\org\webjars\jquery\3.5.1\jquery-3.5.1.jar;C:\Users\Lenovo\.m2\repository\org\apache\poi\poi\5.2.2\poi-5.2.2.jar;C:\Users\Lenovo\.m2\repository\commons-codec\commons-codec\1.15\commons-codec-1.15.jar;C:\Users\Lenovo\.m2\repository\org\apache\commons\commons-collections4\4.4\commons-collections4-4.4.jar;C:\Users\Lenovo\.m2\repository\org\apache\commons\commons-math3\3.6.1\commons-math3-3.6.1.jar;C:\Users\Lenovo\.m2\repository\commons-io\commons-io\2.11.0\commons-io-2.11.0.jar;C:\Users\Lenovo\.m2\repository\com\zaxxer\SparseBitSet\1.2\SparseBitSet-1.2.jar;C:\Users\Lenovo\.m2\repository\org\apache\logging\log4j\log4j-api\2.17.2\log4j-api-2.17.2.jar;C:\Users\Lenovo\.m2\repository\org\apache\poi\poi-ooxml\5.2.2\poi-ooxml-5.2.2.jar;C:\Users\Lenovo\.m2\repository\org\apache\poi\poi-ooxml-lite\5.2.2\poi-ooxml-lite-5.2.2.jar;C:\Users\Lenovo\.m2\repository\org\apache\xmlbeans\xmlbeans\5.0.3\xmlbeans-5.0.3.jar;C:\Users\Lenovo\.m2\repository\xml-apis\xml-apis\1.4.01\xml-apis-1.4.01.jar;C:\Users\Lenovo\.m2\repository\org\apache\commons\commons-compress\1.21\commons-compress-1.21.jar;C:\Users\Lenovo\.m2\repository\com\github\virtuald\curvesapi\1.07\curvesapi-1.07.jar;"/>
    <property name="java.vm.vendor" value="Oracle Corporation"/>
    <property name="sun.arch.data.model" value="64"/>
    <property name="user.variant" value=""/>
    <property name="java.vendor.url" value="http://java.oracle.com/"/>
    <property name="user.timezone" value="Asia/Calcutta"/>
    <property name="java.vm.specification.version" value="1.8"/>
    <property name="os.name" value="Windows 10"/>
    <property name="user.country" value="US"/>
    <property name="sun.java.launcher" value="SUN_STANDARD"/>
    <property name="sun.boot.library.path" value="C:\Program Files\Java\jdk1.8.0_202\jre\bin"/>
    <property name="sun.java.command" value="C:\Users\Lenovo\AppData\Local\Temp\surefire7678424056553864131\surefirebooter-20220803174958234_3.jar C:\Users\Lenovo\AppData\Local\Temp\surefire7678424056553864131 2022-08-03T17-49-51_162-jvmRun1 surefire-20220803174958234_1tmp surefire_0-20220803174958234_2tmp"/>
    <property name="surefire.test.class.path" value="F:\Code_Projects\springsecurity\SpringtekMavenTestNG\target\test-classes;F:\Code_Projects\springsecurity\SpringtekMavenTestNG\target\classes;C:\Users\Lenovo\.m2\repository\junit\junit\3.8.1\junit-3.8.1.jar;C:\Users\Lenovo\.m2\repository\io\github\bonigarcia\webdrivermanager\5.2.1\webdrivermanager-5.2.1.jar;C:\Users\Lenovo\.m2\repository\org\slf4j\slf4j-api\1.7.36\slf4j-api-1.7.36.jar;C:\Users\Lenovo\.m2\repository\com\google\code\gson\gson\2.9.0\gson-2.9.0.jar;C:\Users\Lenovo\.m2\repository\com\github\docker-java\docker-java\3.2.13\docker-java-3.2.13.jar;C:\Users\Lenovo\.m2\repository\com\github\docker-java\docker-java-core\3.2.13\docker-java-core-3.2.13.jar;C:\Users\Lenovo\.m2\repository\com\github\docker-java\docker-java-api\3.2.13\docker-java-api-3.2.13.jar;C:\Users\Lenovo\.m2\repository\com\fasterxml\jackson\core\jackson-annotations\2.10.3\jackson-annotations-2.10.3.jar;C:\Users\Lenovo\.m2\repository\com\fasterxml\jackson\core\jackson-databind\2.10.3\jackson-databind-2.10.3.jar;C:\Users\Lenovo\.m2\repository\com\fasterxml\jackson\core\jackson-core\2.10.3\jackson-core-2.10.3.jar;C:\Users\Lenovo\.m2\repository\org\bouncycastle\bcpkix-jdk15on\1.64\bcpkix-jdk15on-1.64.jar;C:\Users\Lenovo\.m2\repository\org\bouncycastle\bcprov-jdk15on\1.64\bcprov-jdk15on-1.64.jar;C:\Users\Lenovo\.m2\repository\org\slf4j\jcl-over-slf4j\1.7.30\jcl-over-slf4j-1.7.30.jar;C:\Users\Lenovo\.m2\repository\com\github\docker-java\docker-java-transport-httpclient5\3.2.13\docker-java-transport-httpclient5-3.2.13.jar;C:\Users\Lenovo\.m2\repository\com\github\docker-java\docker-java-transport\3.2.13\docker-java-transport-3.2.13.jar;C:\Users\Lenovo\.m2\repository\net\java\dev\jna\jna\5.8.0\jna-5.8.0.jar;C:\Users\Lenovo\.m2\repository\org\brotli\dec\0.1.2\dec-0.1.2.jar;C:\Users\Lenovo\.m2\repository\org\apache\commons\commons-lang3\3.12.0\commons-lang3-3.12.0.jar;C:\Users\Lenovo\.m2\repository\org\apache\httpcomponents\client5\httpclient5\5.1.3\httpclient5-5.1.3.jar;C:\Users\Lenovo\.m2\repository\org\apache\httpcomponents\core5\httpcore5\5.1.3\httpcore5-5.1.3.jar;C:\Users\Lenovo\.m2\repository\org\apache\httpcomponents\core5\httpcore5-h2\5.1.3\httpcore5-h2-5.1.3.jar;C:\Users\Lenovo\.m2\repository\org\seleniumhq\selenium\selenium-java\4.2.2\selenium-java-4.2.2.jar;C:\Users\Lenovo\.m2\repository\org\seleniumhq\selenium\selenium-api\4.2.2\selenium-api-4.2.2.jar;C:\Users\Lenovo\.m2\repository\org\seleniumhq\selenium\selenium-chrome-driver\4.2.2\selenium-chrome-driver-4.2.2.jar;C:\Users\Lenovo\.m2\repository\com\google\auto\service\auto-service-annotations\1.0.1\auto-service-annotations-1.0.1.jar;C:\Users\Lenovo\.m2\repository\com\google\auto\service\auto-service\1.0.1\auto-service-1.0.1.jar;C:\Users\Lenovo\.m2\repository\com\google\auto\auto-common\1.2\auto-common-1.2.jar;C:\Users\Lenovo\.m2\repository\com\google\guava\guava\31.1-jre\guava-31.1-jre.jar;C:\Users\Lenovo\.m2\repository\com\google\guava\failureaccess\1.0.1\failureaccess-1.0.1.jar;C:\Users\Lenovo\.m2\repository\com\google\guava\listenablefuture\9999.0-empty-to-avoid-conflict-with-guava\listenablefuture-9999.0-empty-to-avoid-conflict-with-guava.jar;C:\Users\Lenovo\.m2\repository\com\google\code\findbugs\jsr305\3.0.2\jsr305-3.0.2.jar;C:\Users\Lenovo\.m2\repository\org\checkerframework\checker-qual\3.12.0\checker-qual-3.12.0.jar;C:\Users\Lenovo\.m2\repository\com\google\errorprone\error_prone_annotations\2.11.0\error_prone_annotations-2.11.0.jar;C:\Users\Lenovo\.m2\repository\com\google\j2objc\j2objc-annotations\1.3\j2objc-annotations-1.3.jar;C:\Users\Lenovo\.m2\repository\org\seleniumhq\selenium\selenium-chromium-driver\4.2.2\selenium-chromium-driver-4.2.2.jar;C:\Users\Lenovo\.m2\repository\org\seleniumhq\selenium\selenium-json\4.2.2\selenium-json-4.2.2.jar;C:\Users\Lenovo\.m2\repository\org\seleniumhq\selenium\selenium-devtools-v100\4.2.2\selenium-devtools-v100-4.2.2.jar;C:\Users\Lenovo\.m2\repository\org\seleniumhq\selenium\selenium-devtools-v101\4.2.2\selenium-devtools-v101-4.2.2.jar;C:\Users\Lenovo\.m2\repository\org\seleniumhq\selenium\selenium-devtools-v102\4.2.2\selenium-devtools-v102-4.2.2.jar;C:\Users\Lenovo\.m2\repository\org\seleniumhq\selenium\selenium-devtools-v85\4.2.2\selenium-devtools-v85-4.2.2.jar;C:\Users\Lenovo\.m2\repository\org\seleniumhq\selenium\selenium-edge-driver\4.2.2\selenium-edge-driver-4.2.2.jar;C:\Users\Lenovo\.m2\repository\org\seleniumhq\selenium\selenium-firefox-driver\4.2.2\selenium-firefox-driver-4.2.2.jar;C:\Users\Lenovo\.m2\repository\org\seleniumhq\selenium\selenium-ie-driver\4.2.2\selenium-ie-driver-4.2.2.jar;C:\Users\Lenovo\.m2\repository\org\seleniumhq\selenium\selenium-opera-driver\4.2.2\selenium-opera-driver-4.2.2.jar;C:\Users\Lenovo\.m2\repository\org\seleniumhq\selenium\selenium-remote-driver\4.2.2\selenium-remote-driver-4.2.2.jar;C:\Users\Lenovo\.m2\repository\io\netty\netty-buffer\4.1.77.Final\netty-buffer-4.1.77.Final.jar;C:\Users\Lenovo\.m2\repository\io\netty\netty-codec-http\4.1.77.Final\netty-codec-http-4.1.77.Final.jar;C:\Users\Lenovo\.m2\repository\io\netty\netty-codec\4.1.77.Final\netty-codec-4.1.77.Final.jar;C:\Users\Lenovo\.m2\repository\io\netty\netty-handler\4.1.77.Final\netty-handler-4.1.77.Final.jar;C:\Users\Lenovo\.m2\repository\io\netty\netty-common\4.1.77.Final\netty-common-4.1.77.Final.jar;C:\Users\Lenovo\.m2\repository\io\netty\netty-transport-classes-epoll\4.1.77.Final\netty-transport-classes-epoll-4.1.77.Final.jar;C:\Users\Lenovo\.m2\repository\io\netty\netty-transport-classes-kqueue\4.1.77.Final\netty-transport-classes-kqueue-4.1.77.Final.jar;C:\Users\Lenovo\.m2\repository\io\netty\netty-transport-native-epoll\4.1.77.Final\netty-transport-native-epoll-4.1.77.Final.jar;C:\Users\Lenovo\.m2\repository\io\netty\netty-transport-native-kqueue\4.1.77.Final\netty-transport-native-kqueue-4.1.77.Final.jar;C:\Users\Lenovo\.m2\repository\io\netty\netty-transport-native-unix-common\4.1.77.Final\netty-transport-native-unix-common-4.1.77.Final.jar;C:\Users\Lenovo\.m2\repository\io\netty\netty-transport\4.1.77.Final\netty-transport-4.1.77.Final.jar;C:\Users\Lenovo\.m2\repository\io\netty\netty-resolver\4.1.77.Final\netty-resolver-4.1.77.Final.jar;C:\Users\Lenovo\.m2\repository\io\opentelemetry\opentelemetry-api\1.14.0\opentelemetry-api-1.14.0.jar;C:\Users\Lenovo\.m2\repository\io\opentelemetry\opentelemetry-context\1.14.0\opentelemetry-context-1.14.0.jar;C:\Users\Lenovo\.m2\repository\io\opentelemetry\opentelemetry-exporter-logging\1.14.0\opentelemetry-exporter-logging-1.14.0.jar;C:\Users\Lenovo\.m2\repository\io\opentelemetry\opentelemetry-sdk-metrics\1.14.0\opentelemetry-sdk-metrics-1.14.0.jar;C:\Users\Lenovo\.m2\repository\io\opentelemetry\opentelemetry-sdk-logs\1.14.0-alpha\opentelemetry-sdk-logs-1.14.0-alpha.jar;C:\Users\Lenovo\.m2\repository\io\opentelemetry\opentelemetry-sdk-common\1.14.0\opentelemetry-sdk-common-1.14.0.jar;C:\Users\Lenovo\.m2\repository\io\opentelemetry\opentelemetry-sdk-extension-autoconfigure-spi\1.14.0\opentelemetry-sdk-extension-autoconfigure-spi-1.14.0.jar;C:\Users\Lenovo\.m2\repository\io\opentelemetry\opentelemetry-sdk-extension-autoconfigure\1.14.0-alpha\opentelemetry-sdk-extension-autoconfigure-1.14.0-alpha.jar;C:\Users\Lenovo\.m2\repository\io\opentelemetry\opentelemetry-sdk-trace\1.14.0\opentelemetry-sdk-trace-1.14.0.jar;C:\Users\Lenovo\.m2\repository\io\opentelemetry\opentelemetry-sdk\1.14.0\opentelemetry-sdk-1.14.0.jar;C:\Users\Lenovo\.m2\repository\io\opentelemetry\opentelemetry-semconv\1.14.0-alpha\opentelemetry-semconv-1.14.0-alpha.jar;C:\Users\Lenovo\.m2\repository\io\ous\jtoml\2.0.0\jtoml-2.0.0.jar;C:\Users\Lenovo\.m2\repository\net\bytebuddy\byte-buddy\1.12.10\byte-buddy-1.12.10.jar;C:\Users\Lenovo\.m2\repository\org\apache\commons\commons-exec\1.3\commons-exec-1.3.jar;C:\Users\Lenovo\.m2\repository\org\asynchttpclient\async-http-client\2.12.3\async-http-client-2.12.3.jar;C:\Users\Lenovo\.m2\repository\org\asynchttpclient\async-http-client-netty-utils\2.12.3\async-http-client-netty-utils-2.12.3.jar;C:\Users\Lenovo\.m2\repository\io\netty\netty-codec-socks\4.1.60.Final\netty-codec-socks-4.1.60.Final.jar;C:\Users\Lenovo\.m2\repository\io\netty\netty-handler-proxy\4.1.60.Final\netty-handler-proxy-4.1.60.Final.jar;C:\Users\Lenovo\.m2\repository\io\netty\netty-transport-native-epoll\4.1.60.Final\netty-transport-native-epoll-4.1.60.Final-linux-x86_64.jar;C:\Users\Lenovo\.m2\repository\io\netty\netty-transport-native-kqueue\4.1.60.Final\netty-transport-native-kqueue-4.1.60.Final-osx-x86_64.jar;C:\Users\Lenovo\.m2\repository\org\reactivestreams\reactive-streams\1.0.3\reactive-streams-1.0.3.jar;C:\Users\Lenovo\.m2\repository\com\typesafe\netty\netty-reactive-streams\2.0.4\netty-reactive-streams-2.0.4.jar;C:\Users\Lenovo\.m2\repository\com\sun\activation\jakarta.activation\1.2.2\jakarta.activation-1.2.2.jar;C:\Users\Lenovo\.m2\repository\org\seleniumhq\selenium\selenium-http\4.2.2\selenium-http-4.2.2.jar;C:\Users\Lenovo\.m2\repository\dev\failsafe\failsafe\3.2.4\failsafe-3.2.4.jar;C:\Users\Lenovo\.m2\repository\org\seleniumhq\selenium\selenium-safari-driver\4.2.2\selenium-safari-driver-4.2.2.jar;C:\Users\Lenovo\.m2\repository\org\seleniumhq\selenium\selenium-support\4.2.2\selenium-support-4.2.2.jar;C:\Users\Lenovo\.m2\repository\org\testng\testng\7.4.0\testng-7.4.0.jar;C:\Users\Lenovo\.m2\repository\com\beust\jcommander\1.78\jcommander-1.78.jar;C:\Users\Lenovo\.m2\repository\org\webjars\jquery\3.5.1\jquery-3.5.1.jar;C:\Users\Lenovo\.m2\repository\org\apache\poi\poi\5.2.2\poi-5.2.2.jar;C:\Users\Lenovo\.m2\repository\commons-codec\commons-codec\1.15\commons-codec-1.15.jar;C:\Users\Lenovo\.m2\repository\org\apache\commons\commons-collections4\4.4\commons-collections4-4.4.jar;C:\Users\Lenovo\.m2\repository\org\apache\commons\commons-math3\3.6.1\commons-math3-3.6.1.jar;C:\Users\Lenovo\.m2\repository\commons-io\commons-io\2.11.0\commons-io-2.11.0.jar;C:\Users\Lenovo\.m2\repository\com\zaxxer\SparseBitSet\1.2\SparseBitSet-1.2.jar;C:\Users\Lenovo\.m2\repository\org\apache\logging\log4j\log4j-api\2.17.2\log4j-api-2.17.2.jar;C:\Users\Lenovo\.m2\repository\org\apache\poi\poi-ooxml\5.2.2\poi-ooxml-5.2.2.jar;C:\Users\Lenovo\.m2\repository\org\apache\poi\poi-ooxml-lite\5.2.2\poi-ooxml-lite-5.2.2.jar;C:\Users\Lenovo\.m2\repository\org\apache\xmlbeans\xmlbeans\5.0.3\xmlbeans-5.0.3.jar;C:\Users\Lenovo\.m2\repository\xml-apis\xml-apis\1.4.01\xml-apis-1.4.01.jar;C:\Users\Lenovo\.m2\repository\org\apache\commons\commons-compress\1.21\commons-compress-1.21.jar;C:\Users\Lenovo\.m2\repository\com\github\virtuald\curvesapi\1.07\curvesapi-1.07.jar;"/>
    <property name="sun.cpu.endian" value="little"/>
    <property name="user.home" value="C:\Users\Lenovo"/>
    <property name="user.language" value="en"/>
    <property name="java.specification.vendor" value="Oracle Corporation"/>
    <property name="java.home" value="C:\Program Files\Java\jdk1.8.0_202\jre"/>
    <property name="basedir" value="F:\Code_Projects\springsecurity\SpringtekMavenTestNG"/>
    <property name="file.separator" value="\"/>
    <property name="line.separator" value="&#10;"/>
    <property name="java.vm.specification.vendor" value="Oracle Corporation"/>
    <property name="java.specification.name" value="Java Platform API Specification"/>
    <property name="java.awt.graphicsenv" value="sun.awt.Win32GraphicsEnvironment"/>
    <property name="surefire.real.class.path" value="C:\Users\Lenovo\AppData\Local\Temp\surefire7678424056553864131\surefirebooter-20220803174958234_3.jar"/>
    <property name="sun.boot.class.path" value="C:\Program Files\Java\jdk1.8.0_202\jre\lib\resources.jar;C:\Program Files\Java\jdk1.8.0_202\jre\lib\rt.jar;C:\Program Files\Java\jdk1.8.0_202\jre\lib\sunrsasign.jar;C:\Program Files\Java\jdk1.8.0_202\jre\lib\jsse.jar;C:\Program Files\Java\jdk1.8.0_202\jre\lib\jce.jar;C:\Program Files\Java\jdk1.8.0_202\jre\lib\charsets.jar;C:\Program Files\Java\jdk1.8.0_202\jre\lib\jfr.jar;C:\Program Files\Java\jdk1.8.0_202\jre\classes"/>
    <property name="user.script" value=""/>
    <property name="sun.management.compiler" value="HotSpot 64-Bit Tiered Compilers"/>
    <property name="java.runtime.version" value="1.8.0_202-b08"/>
    <property name="user.name" value="Lenovo"/>
    <property name="path.separator" value=";"/>
    <property name="os.version" value="10.0"/>
    <property name="java.endorsed.dirs" value="C:\Program Files\Java\jdk1.8.0_202\jre\lib\endorsed"/>
    <property name="java.runtime.name" value="Java(TM) SE Runtime Environment"/>
    <property name="file.encoding" value="Cp1252"/>
    <property name="java.vm.name" value="Java HotSpot(TM) 64-Bit Server VM"/>
    <property name="localRepository" value="C:\Users\Lenovo\.m2\repository"/>
    <property name="java.vendor.url.bug" value="http://bugreport.sun.com/bugreport/"/>
    <property name="java.io.tmpdir" value="C:\Users\Lenovo\AppData\Local\Temp\"/>
    <property name="java.version" value="1.8.0_202"/>
    <property name="user.dir" value="F:\Code_Projects\springsecurity\SpringtekMavenTestNG"/>
    <property name="os.arch" value="amd64"/>
    <property name="webdriver.gecko.driver" value="C:\Users\Lenovo\.cache\selenium\geckodriver\win64\0.31.0\geckodriver.exe"/>
    <property name="java.vm.specification.name" value="Java Virtual Machine Specification"/>
    <property name="java.awt.printerjob" value="sun.awt.windows.WPrinterJob"/>
    <property name="sun.os.patch.level" value=""/>
    <property name="java.library.path" value="C:\Program Files\Java\jdk1.8.0_202\jre\bin;C:\WINDOWS\Sun\Java\bin;C:\WINDOWS\system32;C:\WINDOWS;C:\Program Files (x86)\Common Files\Oracle\Java\javapath;C:\Windows\system32;C:\Windows;C:\Windows\System32\Wbem;C:\Windows\System32\WindowsPowerShell\v1.0\;C:\Windows\System32\OpenSSH\;C:\Program Files (x86)\NVIDIA Corporation\PhysX\Common;C:\Program Files\NVIDIA Corporation\NVIDIA NvDLISR;C:\Program Files\MongoDB\Server\4.4\bin;C:\Program Files\Java\jdk1.8.0_202\bin;C:\Program Files\Kubernetes\Minikube;C:\WINDOWS\system32;C:\WINDOWS;C:\WINDOWS\System32\Wbem;C:\WINDOWS\System32\WindowsPowerShell\v1.0\;C:\WINDOWS\System32\OpenSSH\;C:\Program Files\Docker\Docker\resources\bin;C:\ProgramData\DockerDesktop\version-bin;C:\Program Files\nodejs\;C:\Program Files\Git\cmd;C:\apache-maven-3.8.6-bin\apache-maven-3.8.6\bin;C:\Program Files\Amazon\AWSCLIV2\;C:\Users\Lenovo\AppData\Local\Microsoft\WindowsApps;C:\Users\Lenovo\AppData\Local\atom\bin;C:\Users\Lenovo\AppData\Local\Programs\Microsoft VS Code\bin;C:\Program Files\heroku\bin;C:\Program Files\JetBrains\IntelliJ IDEA 2021.3.3\bin;;C:\apache-maven-3.8.4\bin;C:\Users\Lenovo\AppData\Local\Microsoft\WindowsApps;C:\Users\Lenovo\AppData\Roaming\npm;C:\Users\Lenovo\AppData\Local\GitHubDesktop\bin;."/>
    <property name="java.vm.info" value="mixed mode"/>
    <property name="java.vendor" value="Oracle Corporation"/>
    <property name="java.vm.version" value="25.202-b08"/>
    <property name="java.ext.dirs" value="C:\Program Files\Java\jdk1.8.0_202\jre\lib\ext;C:\WINDOWS\Sun\Java\lib\ext"/>
    <property name="sun.io.unicode.encoding" value="UnicodeLittle"/>
    <property name="java.class.version" value="52.0"/>
  </properties>
  <testcase name="bookChairs" classname="springtek.kid.pkg.KidsTest" time="25.68">
    <system-out><![CDATA[[TestNGContentHandler] [WARN] It is strongly recommended to add "<!DOCTYPE suite SYSTEM "https://testng.org/testng-1.0.dtd" >" at the top of the suite file [F:\Code_Projects\springsecurity\SpringtekMavenTestNG\src\test\java\springtek\kid\pkg\kidstest.xml] otherwise TestNG may fail or not work as expected.
I am in before class
Testcase starting
Row size 3
]]></system-out>
    <system-err><![CDATA[SLF4J: Failed to load class "org.slf4j.impl.StaticLoggerBinder".
SLF4J: Defaulting to no-operation (NOP) logger implementation
SLF4J: See http://www.slf4j.org/codes.html#StaticLoggerBinder for further details.
ERROR StatusLogger Log4j2 could not find a logging implementation. Please add log4j-core to the classpath. Using SimpleLogger to log to the console...
1659529220412	geckodriver	INFO	Listening on 127.0.0.1:49866
1659529233802	mozrunner::runner	INFO	Running command: "C:\\Program Files\\Mozilla Firefox\\firefox.exe" "--marionette" "--remote-debugging-port" "61713" "--remote-allow-hosts" "localhost" "--remote-allow-origins" "http://localhost:61713/" "-no-remote" "-profile" "C:\\Users\\Lenovo\\AppData\\Local\\Temp\\rust_mozprofilelLiu7L"
1659529234107	Marionette	INFO	Marionette enabled
1659529234111	Marionette	INFO	Listening on port 63052
WebDriver BiDi listening on ws://localhost:61713
Read port: 63052
1659529234230	RemoteAgent	WARN	TLS certificate errors will be ignored for this session
console.warn: SearchSettings: "get: No settings file exists, new profile?" (new NotFoundError("Could not open the file at C:\\Users\\Lenovo\\AppData\\Local\\Temp\\rust_mozprofilelLiu7L\\search.json.mozlz4", (void 0)))
DevTools listening on ws://localhost:61713/devtools/browser/3529d551-89dc-4924-97a8-71ec3a6fdbb5
Aug 03, 2022 5:50:35 PM org.openqa.selenium.remote.ProtocolHandshake createSession
INFO: Detected upstream dialect: W3C
JavaScript error: resource://gre/modules/URIFixup.jsm, line 278: NS_ERROR_FAILURE: Should pass a non-null uri
JavaScript error: https://springtek.in/js/main.js?ver=1.0.0.2, line 17: TypeError: $(...).tooltip is not a function
JavaScript error: https://springtek.in/js/main.js?ver=1.0.0.2, line 17: TypeError: $(...).tooltip is not a function
JavaScript error: https://springtek.in/js/main.js?ver=1.0.0.2, line 17: TypeError: $(...).tooltip is not a function
console.warn: LoginRecipes: "getRecipes: falling back to a synchronous message for:" "https://springtek.in"
console.warn: LoginRecipes: "getRecipes: falling back to a synchronous message for:" "https://springtek.in"
JavaScript error: resource://gre/modules/LoginManagerParent.jsm, line 136: TypeError: gRecipeManager is null
console.warn: LoginRecipes: "getRecipes: falling back to a synchronous message for:" "https://springtek.in"
JavaScript error: resource://gre/modules/LoginManagerParent.jsm, line 136: TypeError: gRecipeManager is null
]]></system-err>
  </testcase>
  <testcase name="addToCart" classname="springtek.kid.pkg.KidsTest" time="73.195">
    <failure message="Element &lt;a id=&quot;btngotocheckout&quot; href=&quot;/checkout&quot;&gt; is not clickable at point (1350,524) because another element &lt;iframe id=&quot;w5br5ffs3dj41659529269167&quot; class=&quot;&quot; src=&quot;about:blank&quot;&gt; obscures it&#10;Build info: version: &apos;4.2.2&apos;, revision: &apos;683ccb65d6&apos;&#10;System info: host: &apos;LAPTOP-GO0JH4O6&apos;, ip: &apos;169.254.105.117&apos;, os.name: &apos;Windows 10&apos;, os.arch: &apos;amd64&apos;, os.version: &apos;10.0&apos;, java.version: &apos;1.8.0_202&apos;&#10;Driver info: org.openqa.selenium.firefox.FirefoxDriver&#10;Command: [d801830f-1f4c-4ca1-a293-7a975b3ef884, clickElement {id=12c4634a-d7b3-4c26-b830-d00a9efb4835}]&#10;Capabilities {acceptInsecureCerts: true, browserName: firefox, browserVersion: 103.0.1, moz:accessibilityChecks: false, moz:buildID: 20220729222726, moz:debuggerAddress: localhost:61713, moz:geckodriverVersion: 0.31.0, moz:headless: false, moz:platformVersion: 10.0, moz:processID: 20560, moz:profile: C:\Users\Lenovo\AppData\Loc..., moz:shutdownTimeout: 60000, moz:useNonSpecCompliantPointerOrigin: false, moz:webdriverClick: true, moz:windowless: false, pageLoadStrategy: normal, platformName: WINDOWS, proxy: Proxy(), se:cdp: ws://localhost:61713/devtoo..., se:cdpVersion: 85.0, setWindowRect: true, strictFileInteractability: false, timeouts: {implicit: 0, pageLoad: 300000, script: 30000}, unhandledPromptBehavior: dismiss and notify}&#10;Element: [[FirefoxDriver: firefox on WINDOWS (d801830f-1f4c-4ca1-a293-7a975b3ef884)] -&gt; id: btngotocheckout]&#10;Session ID: d801830f-1f4c-4ca1-a293-7a975b3ef884" type="org.openqa.selenium.ElementClickInterceptedException"><![CDATA[org.openqa.selenium.ElementClickInterceptedException: 
Element <a id="btngotocheckout" href="/checkout"> is not clickable at point (1350,524) because another element <iframe id="w5br5ffs3dj41659529269167" class="" src="about:blank"> obscures it
Build info: version: '4.2.2', revision: '683ccb65d6'
System info: host: 'LAPTOP-GO0JH4O6', ip: '169.254.105.117', os.name: 'Windows 10', os.arch: 'amd64', os.version: '10.0', java.version: '1.8.0_202'
Driver info: org.openqa.selenium.firefox.FirefoxDriver
Command: [d801830f-1f4c-4ca1-a293-7a975b3ef884, clickElement {id=12c4634a-d7b3-4c26-b830-d00a9efb4835}]
Capabilities {acceptInsecureCerts: true, browserName: firefox, browserVersion: 103.0.1, moz:accessibilityChecks: false, moz:buildID: 20220729222726, moz:debuggerAddress: localhost:61713, moz:geckodriverVersion: 0.31.0, moz:headless: false, moz:platformVersion: 10.0, moz:processID: 20560, moz:profile: C:\Users\Lenovo\AppData\Loc..., moz:shutdownTimeout: 60000, moz:useNonSpecCompliantPointerOrigin: false, moz:webdriverClick: true, moz:windowless: false, pageLoadStrategy: normal, platformName: WINDOWS, proxy: Proxy(), se:cdp: ws://localhost:61713/devtoo..., se:cdpVersion: 85.0, setWindowRect: true, strictFileInteractability: false, timeouts: {implicit: 0, pageLoad: 300000, script: 30000}, unhandledPromptBehavior: dismiss and notify}
Element: [[FirefoxDriver: firefox on WINDOWS (d801830f-1f4c-4ca1-a293-7a975b3ef884)] -> id: btngotocheckout]
Session ID: d801830f-1f4c-4ca1-a293-7a975b3ef884
	at sun.reflect.NativeConstructorAccessorImpl.newInstance0(Native Method)
	at sun.reflect.NativeConstructorAccessorImpl.newInstance(NativeConstructorAccessorImpl.java:62)
	at sun.reflect.DelegatingConstructorAccessorImpl.newInstance(DelegatingConstructorAccessorImpl.java:45)
	at java.lang.reflect.Constructor.newInstance(Constructor.java:423)
	at org.openqa.selenium.remote.codec.w3c.W3CHttpResponseCodec.createException(W3CHttpResponseCodec.java:200)
	at org.openqa.selenium.remote.codec.w3c.W3CHttpResponseCodec.decode(W3CHttpResponseCodec.java:133)
	at org.openqa.selenium.remote.codec.w3c.W3CHttpResponseCodec.decode(W3CHttpResponseCodec.java:53)
	at org.openqa.selenium.remote.HttpCommandExecutor.execute(HttpCommandExecutor.java:184)
	at org.openqa.selenium.remote.service.DriverCommandExecutor.invokeExecute(DriverCommandExecutor.java:167)
	at org.openqa.selenium.remote.service.DriverCommandExecutor.execute(DriverCommandExecutor.java:142)
	at org.openqa.selenium.remote.RemoteWebDriver.execute(RemoteWebDriver.java:588)
	at org.openqa.selenium.remote.RemoteWebElement.execute(RemoteWebElement.java:257)
	at org.openqa.selenium.remote.RemoteWebElement.click(RemoteWebElement.java:78)
	at spingtek.addtocart.AddToCart.addToCart(AddToCart.java:95)
	at springtek.kid.pkg.KidsTest.addToCart(KidsTest.java:154)
	at sun.reflect.NativeMethodAccessorImpl.invoke0(Native Method)
	at sun.reflect.NativeMethodAccessorImpl.invoke(NativeMethodAccessorImpl.java:62)
	at sun.reflect.DelegatingMethodAccessorImpl.invoke(DelegatingMethodAccessorImpl.java:43)
	at java.lang.reflect.Method.invoke(Method.java:498)
	at org.testng.internal.MethodInvocationHelper.invokeMethod(MethodInvocationHelper.java:133)
	at org.testng.internal.MethodInvocationHelper.invokeMethodConsideringTimeout(MethodInvocationHelper.java:62)
	at org.testng.internal.ConfigInvoker.invokeConfigurationMethod(ConfigInvoker.java:385)
	at org.testng.internal.ConfigInvoker.invokeConfigurations(ConfigInvoker.java:321)
	at org.testng.internal.TestInvoker.runConfigMethods(TestInvoker.java:700)
	at org.testng.internal.TestInvoker.runAfterGroupsConfigurations(TestInvoker.java:676)
	at org.testng.internal.TestInvoker.invokeMethod(TestInvoker.java:660)
	at org.testng.internal.TestInvoker.invokeTestMethod(TestInvoker.java:173)
	at org.testng.internal.MethodRunner.runInSequence(MethodRunner.java:46)
	at org.testng.internal.TestInvoker$MethodInvocationAgent.invoke(TestInvoker.java:824)
	at org.testng.internal.TestInvoker.invokeTestMethods(TestInvoker.java:146)
	at org.testng.internal.TestMethodWorker.invokeTestMethods(TestMethodWorker.java:146)
	at org.testng.internal.TestMethodWorker.run(TestMethodWorker.java:128)
	at java.util.ArrayList.forEach(ArrayList.java:1257)
	at org.testng.TestRunner.privateRun(TestRunner.java:794)
	at org.testng.TestRunner.run(TestRunner.java:596)
	at org.testng.SuiteRunner.runTest(SuiteRunner.java:377)
	at org.testng.SuiteRunner.runSequentially(SuiteRunner.java:371)
	at org.testng.SuiteRunner.privateRun(SuiteRunner.java:332)
	at org.testng.SuiteRunner.run(SuiteRunner.java:276)
	at org.testng.SuiteRunnerWorker.runSuite(SuiteRunnerWorker.java:53)
	at org.testng.SuiteRunnerWorker.run(SuiteRunnerWorker.java:96)
	at org.testng.TestNG.runSuitesSequentially(TestNG.java:1212)
	at org.testng.TestNG.runSuitesLocally(TestNG.java:1134)
	at org.testng.TestNG.runSuites(TestNG.java:1063)
	at org.testng.TestNG.run(TestNG.java:1031)
	at org.apache.maven.surefire.testng.TestNGExecutor.run(TestNGExecutor.java:324)
	at org.apache.maven.surefire.testng.TestNGXmlTestSuite.execute(TestNGXmlTestSuite.java:74)
	at org.apache.maven.surefire.testng.TestNGProvider.invoke(TestNGProvider.java:123)
	at org.apache.maven.surefire.booter.ForkedBooter.runSuitesInProcess(ForkedBooter.java:456)
	at org.apache.maven.surefire.booter.ForkedBooter.execute(ForkedBooter.java:169)
	at org.apache.maven.surefire.booter.ForkedBooter.run(ForkedBooter.java:595)
	at org.apache.maven.surefire.booter.ForkedBooter.main(ForkedBooter.java:581)
]]></failure>
    <system-out><![CDATA[Product Name,Quantity Not there :
No of coupons are : 3
 coupon = DREAM60
Please enter correct coupon code
 coupon = abcd
Please enter correct coupon code
 coupon = RAKHI60
Coupon ( RAKHI60 ) Applied Successfully.
]]></system-out>
    <system-err><![CDATA[JavaScript error: https://springtek.in/js/main.js?ver=1.0.0.2, line 17: TypeError: $(...).tooltip is not a function
]]></system-err>
  </testcase>
  <testcase name="addToCart" classname="springtek.kid.pkg.KidsTest" time="0">
    <skipped/>
  </testcase>
  <testcase name="addToCart" classname="springtek.kid.pkg.KidsTest" time="0">
    <skipped/>
  </testcase>
  <testcase name="beforeM" classname="springtek.kid.pkg.KidsTest" time="0">
    <skipped/>
  </testcase>
  <testcase name="beforeM" classname="springtek.kid.pkg.KidsTest" time="0">
    <skipped/>
  </testcase>
  <testcase name="bookFoldChair" classname="springtek.kid.pkg.KidsTest" time="0">
    <skipped message="Element &lt;a id=&quot;btngotocheckout&quot; href=&quot;/checkout&quot;&gt; is not clickable at point (1350,524) because another element &lt;iframe id=&quot;w5br5ffs3dj41659529269167&quot; class=&quot;&quot; src=&quot;about:blank&quot;&gt; obscures it&#10;Build info: version: &apos;4.2.2&apos;, revision: &apos;683ccb65d6&apos;&#10;System info: host: &apos;LAPTOP-GO0JH4O6&apos;, ip: &apos;169.254.105.117&apos;, os.name: &apos;Windows 10&apos;, os.arch: &apos;amd64&apos;, os.version: &apos;10.0&apos;, java.version: &apos;1.8.0_202&apos;&#10;Driver info: org.openqa.selenium.firefox.FirefoxDriver&#10;Command: [d801830f-1f4c-4ca1-a293-7a975b3ef884, clickElement {id=12c4634a-d7b3-4c26-b830-d00a9efb4835}]&#10;Capabilities {acceptInsecureCerts: true, browserName: firefox, browserVersion: 103.0.1, moz:accessibilityChecks: false, moz:buildID: 20220729222726, moz:debuggerAddress: localhost:61713, moz:geckodriverVersion: 0.31.0, moz:headless: false, moz:platformVersion: 10.0, moz:processID: 20560, moz:profile: C:\Users\Lenovo\AppData\Loc..., moz:shutdownTimeout: 60000, moz:useNonSpecCompliantPointerOrigin: false, moz:webdriverClick: true, moz:windowless: false, pageLoadStrategy: normal, platformName: WINDOWS, proxy: Proxy(), se:cdp: ws://localhost:61713/devtoo..., se:cdpVersion: 85.0, setWindowRect: true, strictFileInteractability: false, timeouts: {implicit: 0, pageLoad: 300000, script: 30000}, unhandledPromptBehavior: dismiss and notify}&#10;Element: [[FirefoxDriver: firefox on WINDOWS (d801830f-1f4c-4ca1-a293-7a975b3ef884)] -&gt; id: btngotocheckout]&#10;Session ID: d801830f-1f4c-4ca1-a293-7a975b3ef884"/>
  </testcase>
  <testcase name="bookTv" classname="springtek.kid.pkg.KidsTest" time="0">
    <skipped message="Element &lt;a id=&quot;btngotocheckout&quot; href=&quot;/checkout&quot;&gt; is not clickable at point (1350,524) because another element &lt;iframe id=&quot;w5br5ffs3dj41659529269167&quot; class=&quot;&quot; src=&quot;about:blank&quot;&gt; obscures it&#10;Build info: version: &apos;4.2.2&apos;, revision: &apos;683ccb65d6&apos;&#10;System info: host: &apos;LAPTOP-GO0JH4O6&apos;, ip: &apos;169.254.105.117&apos;, os.name: &apos;Windows 10&apos;, os.arch: &apos;amd64&apos;, os.version: &apos;10.0&apos;, java.version: &apos;1.8.0_202&apos;&#10;Driver info: org.openqa.selenium.firefox.FirefoxDriver&#10;Command: [d801830f-1f4c-4ca1-a293-7a975b3ef884, clickElement {id=12c4634a-d7b3-4c26-b830-d00a9efb4835}]&#10;Capabilities {acceptInsecureCerts: true, browserName: firefox, browserVersion: 103.0.1, moz:accessibilityChecks: false, moz:buildID: 20220729222726, moz:debuggerAddress: localhost:61713, moz:geckodriverVersion: 0.31.0, moz:headless: false, moz:platformVersion: 10.0, moz:processID: 20560, moz:profile: C:\Users\Lenovo\AppData\Loc..., moz:shutdownTimeout: 60000, moz:useNonSpecCompliantPointerOrigin: false, moz:webdriverClick: true, moz:windowless: false, pageLoadStrategy: normal, platformName: WINDOWS, proxy: Proxy(), se:cdp: ws://localhost:61713/devtoo..., se:cdpVersion: 85.0, setWindowRect: true, strictFileInteractability: false, timeouts: {implicit: 0, pageLoad: 300000, script: 30000}, unhandledPromptBehavior: dismiss and notify}&#10;Element: [[FirefoxDriver: firefox on WINDOWS (d801830f-1f4c-4ca1-a293-7a975b3ef884)] -&gt; id: btngotocheckout]&#10;Session ID: d801830f-1f4c-4ca1-a293-7a975b3ef884"/>
  </testcase>
  <testcase name="closeBrowser" classname="springtek.kid.pkg.KidsTest" time="0">
    <skipped/>
  </testcase>
</testsuite>