<?xml version="1.0" encoding="UTF-8"?>
<!-- Generated by org.testng.reporters.JUnitReportReporter -->
<testsuite skipped="0" hostname="LAPTOP-GO0JH4O6" name="testng.kids.pkg.KidsTest" tests="3" failures="0" timestamp="2022-07-28T16:57:26 IST" time="29.325" errors="0">
  <testcase name="bookBedsheet" time="15.496" classname="testng.kids.pkg.KidsTest"/>
  <system-out/>
  <testcase name="bookFoldChair" time="6.695" classname="testng.kids.pkg.KidsTest"/>
  <system-out/>
  <testcase name="bookChairs" time="7.134" classname="testng.kids.pkg.KidsTest"/>
  <system-out/>
</testsuite> <!-- testng.kids.pkg.KidsTest -->
